<?xml version="1.0" encoding="UTF-8"?>
<!-- Generated by org.testng.reporters.JUnitReportReporter -->
<testsuite hostname="LAPTOP-Q7L19CG3" failures="0" tests="1" name="gl_Account_Classes.GLC_1_7_TC_7" time="29.812" errors="0" timestamp="2023-06-07T17:24:45 IST" skipped="0">
  <testcase classname="gl_Account_Classes.GLC_1_7_TC_7" name="TC_7" time="29.812"/>
  <system-out/>
</testsuite> <!-- gl_Account_Classes.GLC_1_7_TC_7 -->
