<?xml version="1.0" encoding="UTF-8"?>
<!-- Generated by org.testng.reporters.JUnitReportReporter -->
<testsuite hostname="LAPTOP-Q7L19CG3" failures="0" tests="2" name="gl_Account_Classes.GLC_1_1_TC_1" time="17.679" errors="0" timestamp="2023-05-28T18:46:55 IST" skipped="0">
  <testcase classname="gl_Account_Classes.GLC_1_1_TC_1" name="TC_1" time="7.033"/>
  <system-out/>
  <testcase classname="gl_Account_Classes.GLC_1_1_TC_1" name="Login" time="10.646"/>
  <system-out/>
</testsuite> <!-- gl_Account_Classes.GLC_1_1_TC_1 -->
