<?xml version="1.0" encoding="UTF-8"?>
<!-- Generated by org.testng.reporters.JUnitReportReporter -->
<testsuite hostname="LAPTOP-Q7L19CG3" failures="0" tests="2" name="gl_Account_Classes.GLC_1_2_TC_2" time="13.293" errors="0" timestamp="2023-06-01T18:03:37 IST" skipped="0">
  <testcase classname="gl_Account_Classes.GLC_1_2_TC_2" name="Login" time="5.413"/>
  <system-out/>
  <testcase classname="gl_Account_Classes.GLC_1_2_TC_2" name="TC_2" time="7.880"/>
  <system-out/>
</testsuite> <!-- gl_Account_Classes.GLC_1_2_TC_2 -->
