<?xml version="1.0" encoding="UTF-8"?>
<!-- Generated by org.testng.reporters.JUnitReportReporter -->
<testsuite hostname="LAPTOP-Q7L19CG3" failures="0" tests="1" name="gl_Account_Classes.GLC_1_5_TC_5" time="38.053" errors="0" timestamp="2023-06-07T17:10:14 IST" skipped="0">
  <testcase classname="gl_Account_Classes.GLC_1_5_TC_5" name="TC_5" time="38.053"/>
  <system-out/>
</testsuite> <!-- gl_Account_Classes.GLC_1_5_TC_5 -->
